# JRE version: OpenJDK Runtime Environment (17.0.7) (build 17.0.7+0-b2043.56-10550314)
# Java VM: OpenJDK 64-Bit Server VM (17.0.7+0-b2043.56-10550314, mixed mode, tiered, compressed oops, compressed class ptrs, g1 gc, windows-amd64)
GC Precious Log:
 CPUs: 12 total, 12 available
 Memory: 16163M
 Large Page Support: Disabled
 NUMA Support: Disabled
 Compressed Oops: Enabled (32-bit)
 Heap Region Size: 1M
 Heap Min Capacity: 8M
 Heap Initial Capacity: 254M
 Heap Max Capacity: 2G
 Pre-touch: Disabled
 Parallel Workers: 10
 Concurrent Workers: 3
 Concurrent Refinement Workers: 10
 Periodic GC: Disabled
Heap:
 garbage-first heap   total 301056K, used 149344K [0x0000000080000000, 0x0000000100000000)
  region size 1024K, 2 young (2048K), 2 survivors (2048K)
 Metaspace       used 136417K, committed 137536K, reserved 1179648K
  class space    used 19243K, committed 19776K, reserved 1048576K
GC Heap History (20 events):
Event: 4682.671 GC heap after
{Heap after GC invocations=78 (full 0):
 garbage-first heap   total 269312K, used 149798K [0x0000000080000000, 0x0000000100000000)
  region size 1024K, 10 young (10240K), 10 survivors (10240K)
 Metaspace       used 116179K, committed 117184K, reserved 1179648K
  class space    used 15862K, committed 16384K, reserved 1048576K
}
Event: 4780.656 GC heap before
{Heap before GC invocations=78 (full 0):
 garbage-first heap   total 269312K, used 220454K [0x0000000080000000, 0x0000000100000000)
  region size 1024K, 80 young (81920K), 10 survivors (10240K)
 Metaspace       used 116382K, committed 117440K, reserved 1179648K
  class space    used 15877K, committed 16384K, reserved 1048576K
}
Event: 4780.669 GC heap after
{Heap after GC invocations=79 (full 0):
 garbage-first heap   total 269312K, used 153609K [0x0000000080000000, 0x0000000100000000)
  region size 1024K, 6 young (6144K), 6 survivors (6144K)
 Metaspace       used 116382K, committed 117440K, reserved 1179648K
  class space    used 15877K, committed 16384K, reserved 1048576K
}
Event: 4786.228 GC heap before
{Heap before GC invocations=79 (full 0):
 garbage-first heap   total 269312K, used 222217K [0x0000000080000000, 0x0000000100000000)
  region size 1024K, 74 young (75776K), 6 survivors (6144K)
 Metaspace       used 116602K, committed 117632K, reserved 1179648K
  class space    used 15893K, committed 16384K, reserved 1048576K
}
Event: 4786.239 GC heap after
{Heap after GC invocations=80 (full 0):
 garbage-first heap   total 269312K, used 160125K [0x0000000080000000, 0x0000000100000000)
  region size 1024K, 10 young (10240K), 10 survivors (10240K)
 Metaspace       used 116602K, committed 117632K, reserved 1179648K
  class space    used 15893K, committed 16384K, reserved 1048576K
}
Event: 4787.111 GC heap before
{Heap before GC invocations=81 (full 0):
 garbage-first heap   total 278528K, used 219517K [0x0000000080000000, 0x0000000100000000)
  region size 1024K, 72 young (73728K), 10 survivors (10240K)
 Metaspace       used 121423K, committed 122496K, reserved 1179648K
  class space    used 16646K, committed 17152K, reserved 1048576K
}
Event: 4787.124 GC heap after
{Heap after GC invocations=82 (full 0):
 garbage-first heap   total 278528K, used 161754K [0x0000000080000000, 0x0000000100000000)
  region size 1024K, 5 young (5120K), 5 survivors (5120K)
 Metaspace       used 121423K, committed 122496K, reserved 1179648K
  class space    used 16646K, committed 17152K, reserved 1048576K
}
Event: 4787.215 GC heap before
{Heap before GC invocations=82 (full 0):
 garbage-first heap   total 278528K, used 168922K [0x0000000080000000, 0x0000000100000000)
  region size 1024K, 13 young (13312K), 5 survivors (5120K)
 Metaspace       used 122222K, committed 123264K, reserved 1179648K
  class space    used 16783K, committed 17280K, reserved 1048576K
}
Event: 4787.225 GC heap after
{Heap after GC invocations=83 (full 0):
 garbage-first heap   total 278528K, used 150626K [0x0000000080000000, 0x0000000100000000)
  region size 1024K, 2 young (2048K), 2 survivors (2048K)
 Metaspace       used 122222K, committed 123264K, reserved 1179648K
  class space    used 16783K, committed 17280K, reserved 1048576K
}
Event: 4788.164 GC heap before
{Heap before GC invocations=83 (full 0):
 garbage-first heap   total 278528K, used 227426K [0x0000000080000000, 0x0000000100000000)
  region size 1024K, 78 young (79872K), 2 survivors (2048K)
 Metaspace       used 131023K, committed 132096K, reserved 1179648K
  class space    used 18406K, committed 18944K, reserved 1048576K
}
Event: 4788.172 GC heap after
{Heap after GC invocations=84 (full 0):
 garbage-first heap   total 278528K, used 154488K [0x0000000080000000, 0x0000000100000000)
  region size 1024K, 5 young (5120K), 5 survivors (5120K)
 Metaspace       used 131023K, committed 132096K, reserved 1179648K
  class space    used 18406K, committed 18944K, reserved 1048576K
}
Event: 4788.499 GC heap before
{Heap before GC invocations=84 (full 0):
 garbage-first heap   total 278528K, used 230264K [0x0000000080000000, 0x0000000100000000)
  region size 1024K, 80 young (81920K), 5 survivors (5120K)
 Metaspace       used 132058K, committed 133184K, reserved 1179648K
  class space    used 18552K, committed 19072K, reserved 1048576K
}
Event: 4788.504 GC heap after
{Heap after GC invocations=85 (full 0):
 garbage-first heap   total 278528K, used 155967K [0x0000000080000000, 0x0000000100000000)
  region size 1024K, 7 young (7168K), 7 survivors (7168K)
 Metaspace       used 132058K, committed 133184K, reserved 1179648K
  class space    used 18552K, committed 19072K, reserved 1048576K
}
Event: 4788.727 GC heap before
{Heap before GC invocations=85 (full 0):
 garbage-first heap   total 278528K, used 232767K [0x0000000080000000, 0x0000000100000000)
  region size 1024K, 83 young (84992K), 7 survivors (7168K)
 Metaspace       used 132902K, committed 134016K, reserved 1179648K
  class space    used 18666K, committed 19200K, reserved 1048576K
}
Event: 4788.733 GC heap after
{Heap after GC invocations=86 (full 0):
 garbage-first heap   total 278528K, used 157272K [0x0000000080000000, 0x0000000100000000)
  region size 1024K, 7 young (7168K), 7 survivors (7168K)
 Metaspace       used 132902K, committed 134016K, reserved 1179648K
  class space    used 18666K, committed 19200K, reserved 1048576K
}
Event: 4789.276 GC heap before
{Heap before GC invocations=87 (full 0):
 garbage-first heap   total 301056K, used 232024K [0x0000000080000000, 0x0000000100000000)
  region size 1024K, 83 young (84992K), 7 survivors (7168K)
 Metaspace       used 134710K, committed 135808K, reserved 1179648K
  class space    used 19013K, committed 19520K, reserved 1048576K
}
Event: 4789.283 GC heap after
{Heap after GC invocations=88 (full 0):
 garbage-first heap   total 301056K, used 157077K [0x0000000080000000, 0x0000000100000000)
  region size 1024K, 6 young (6144K), 6 survivors (6144K)
 Metaspace       used 134710K, committed 135808K, reserved 1179648K
  class space    used 19013K, committed 19520K, reserved 1048576K
}
Event: 4789.307 GC heap before
{Heap before GC invocations=88 (full 0):
 garbage-first heap   total 301056K, used 164245K [0x0000000080000000, 0x0000000100000000)
  region size 1024K, 14 young (14336K), 6 survivors (6144K)
 Metaspace       used 134788K, committed 135872K, reserved 1179648K
  class space    used 19014K, committed 19520K, reserved 1048576K
}
Event: 4789.314 GC heap after
{Heap after GC invocations=89 (full 0):
 garbage-first heap   total 301056K, used 148931K [0x0000000080000000, 0x0000000100000000)
  region size 1024K, 2 young (2048K), 2 survivors (2048K)
 Metaspace       used 134788K, committed 135872K, reserved 1179648K
  class space    used 19014K, committed 19520K, reserved 1048576K
}
Event: 4817.559 GC heap before
{Heap before GC invocations=89 (full 0):
 garbage-first heap   total 301056K, used 290243K [0x0000000080000000, 0x0000000100000000)
  region size 1024K, 85 young (87040K), 2 survivors (2048K)
 Metaspace       used 136417K, committed 137536K, reserved 1179648K
  class space    used 19243K, committed 19776K, reserved 1048576K
}

